# JRE version: Java(TM) SE Runtime Environment (8.0_221-b11) (build 1.8.0_221-b11)
# Java VM: Java HotSpot(TM) 64-Bit Server VM (25.221-b11 mixed mode windows-amd64 compressed oops)
Heap:
 PSYoungGen      total 23552K, used 23254K [0x00000000d5900000, 0x00000000d7100000, 0x0000000100000000)
  eden space 23040K, 99% used [0x00000000d5900000,0x00000000d6f7db98,0x00000000d6f80000)
  from space 512K, 43% used [0x00000000d7000000,0x00000000d7038010,0x00000000d7080000)
  to   space 512K, 0% used [0x00000000d7080000,0x00000000d7080000,0x00000000d7100000)
 ParOldGen       total 43520K, used 13409K [0x0000000080a00000, 0x0000000083480000, 0x00000000d5900000)
  object space 43520K, 30% used [0x0000000080a00000,0x0000000081718738,0x0000000083480000)
 Metaspace       used 27302K, capacity 28612K, committed 28800K, reserved 1075200K
  class space    used 3688K, capacity 3954K, committed 3968K, reserved 1048576K
GC Heap History (10 events):
Event: 37159.157 GC heap before
{Heap before GC invocations=467 (full 2):
 PSYoungGen      total 23552K, used 23200K [0x00000000d5900000, 0x00000000d7100000, 0x0000000100000000)
  eden space 23040K, 100% used [0x00000000d5900000,0x00000000d6f80000,0x00000000d6f80000)
  from space 512K, 31% used [0x00000000d7080000,0x00000000d70a8000,0x00000000d7100000)
  to   space 512K, 0% used [0x00000000d7000000,0x00000000d7000000,0x00000000d7080000)
 ParOldGen       total 43520K, used 13089K [0x0000000080a00000, 0x0000000083480000, 0x00000000d5900000)
  object space 43520K, 30% used [0x0000000080a00000,0x00000000816c86d8,0x0000000083480000)
 Metaspace       used 27293K, capacity 28600K, committed 28800K, reserved 1075200K
  class space    used 3688K, capacity 3954K, committed 3968K, reserved 1048576K
Event: 37159.219 GC heap after
Heap after GC invocations=467 (full 2):
 PSYoungGen      total 23552K, used 352K [0x00000000d5900000, 0x00000000d7100000, 0x0000000100000000)
  eden space 23040K, 0% used [0x00000000d5900000,0x00000000d5900000,0x00000000d6f80000)
  from space 512K, 68% used [0x00000000d7000000,0x00000000d7058040,0x00000000d7080000)
  to   space 512K, 0% used [0x00000000d7080000,0x00000000d7080000,0x00000000d7100000)
 ParOldGen       total 43520K, used 13113K [0x0000000080a00000, 0x0000000083480000, 0x00000000d5900000)
  object space 43520K, 30% used [0x0000000080a00000,0x00000000816ce6d8,0x0000000083480000)
 Metaspace       used 27293K, capacity 28600K, committed 28800K, reserved 1075200K
  class space    used 3688K, capacity 3954K, committed 3968K, reserved 1048576K
}
Event: 37174.143 GC heap before
{Heap before GC invocations=468 (full 2):
 PSYoungGen      total 23552K, used 23392K [0x00000000d5900000, 0x00000000d7100000, 0x0000000100000000)
  eden space 23040K, 100% used [0x00000000d5900000,0x00000000d6f80000,0x00000000d6f80000)
  from space 512K, 68% used [0x00000000d7000000,0x00000000d7058040,0x00000000d7080000)
  to   space 512K, 0% used [0x00000000d7080000,0x00000000d7080000,0x00000000d7100000)
 ParOldGen       total 43520K, used 13113K [0x0000000080a00000, 0x0000000083480000, 0x00000000d5900000)
  object space 43520K, 30% used [0x0000000080a00000,0x00000000816ce6d8,0x0000000083480000)
 Metaspace       used 27293K, capacity 28600K, committed 28800K, reserved 1075200K
  class space    used 3688K, capacity 3954K, committed 3968K, reserved 1048576K
Event: 37174.145 GC heap after
Heap after GC invocations=468 (full 2):
 PSYoungGen      total 23552K, used 128K [0x00000000d5900000, 0x00000000d7100000, 0x0000000100000000)
  eden space 23040K, 0% used [0x00000000d5900000,0x00000000d5900000,0x00000000d6f80000)
  from space 512K, 25% used [0x00000000d7080000,0x00000000d70a0000,0x00000000d7100000)
  to   space 512K, 0% used [0x00000000d7000000,0x00000000d7000000,0x00000000d7080000)
 ParOldGen       total 43520K, used 13257K [0x0000000080a00000, 0x0000000083480000, 0x00000000d5900000)
  object space 43520K, 30% used [0x0000000080a00000,0x00000000816f2708,0x0000000083480000)
 Metaspace       used 27293K, capacity 28600K, committed 28800K, reserved 1075200K
  class space    used 3688K, capacity 3954K, committed 3968K, reserved 1048576K
}
Event: 37210.313 GC heap before
{Heap before GC invocations=469 (full 2):
 PSYoungGen      total 23552K, used 23168K [0x00000000d5900000, 0x00000000d7100000, 0x0000000100000000)
  eden space 23040K, 100% used [0x00000000d5900000,0x00000000d6f80000,0x00000000d6f80000)
  from space 512K, 25% used [0x00000000d7080000,0x00000000d70a0000,0x00000000d7100000)
  to   space 512K, 0% used [0x00000000d7000000,0x00000000d7000000,0x00000000d7080000)
 ParOldGen       total 43520K, used 13257K [0x0000000080a00000, 0x0000000083480000, 0x00000000d5900000)
  object space 43520K, 30% used [0x0000000080a00000,0x00000000816f2708,0x0000000083480000)
 Metaspace       used 27293K, capacity 28600K, committed 28800K, reserved 1075200K
  class space    used 3688K, capacity 3954K, committed 3968K, reserved 1048576K
Event: 37210.314 GC heap after
Heap after GC invocations=469 (full 2):
 PSYoungGen      total 23552K, used 384K [0x00000000d5900000, 0x00000000d7100000, 0x0000000100000000)
  eden space 23040K, 0% used [0x00000000d5900000,0x00000000d5900000,0x00000000d6f80000)
  from space 512K, 75% used [0x00000000d7000000,0x00000000d7060040,0x00000000d7080000)
  to   space 512K, 0% used [0x00000000d7080000,0x00000000d7080000,0x00000000d7100000)
 ParOldGen       total 43520K, used 13257K [0x0000000080a00000, 0x0000000083480000, 0x00000000d5900000)
  object space 43520K, 30% used [0x0000000080a00000,0x00000000816f2708,0x0000000083480000)
 Metaspace       used 27293K, capacity 28600K, committed 28800K, reserved 1075200K
  class space    used 3688K, capacity 3954K, committed 3968K, reserved 1048576K
}
Event: 37254.065 GC heap before
{Heap before GC invocations=470 (full 2):
 PSYoungGen      total 23552K, used 23424K [0x00000000d5900000, 0x00000000d7100000, 0x0000000100000000)
  eden space 23040K, 100% used [0x00000000d5900000,0x00000000d6f80000,0x00000000d6f80000)
  from space 512K, 75% used [0x00000000d7000000,0x00000000d7060040,0x00000000d7080000)
  to   space 512K, 0% used [0x00000000d7080000,0x00000000d7080000,0x00000000d7100000)
 ParOldGen       total 43520K, used 13257K [0x0000000080a00000, 0x0000000083480000, 0x00000000d5900000)
  object space 43520K, 30% used [0x0000000080a00000,0x00000000816f2708,0x0000000083480000)
 Metaspace       used 27297K, capacity 28600K, committed 28800K, reserved 1075200K
  class space    used 3688K, capacity 3954K, committed 3968K, reserved 1048576K
Event: 37254.091 GC heap after
Heap after GC invocations=470 (full 2):
 PSYoungGen      total 23552K, used 256K [0x00000000d5900000, 0x00000000d7100000, 0x0000000100000000)
  eden space 23040K, 0% used [0x00000000d5900000,0x00000000d5900000,0x00000000d6f80000)
  from space 512K, 50% used [0x00000000d7080000,0x00000000d70c0010,0x00000000d7100000)
  to   space 512K, 0% used [0x00000000d7000000,0x00000000d7000000,0x00000000d7080000)
 ParOldGen       total 43520K, used 13401K [0x0000000080a00000, 0x0000000083480000, 0x00000000d5900000)
  object space 43520K, 30% used [0x0000000080a00000,0x0000000081716738,0x0000000083480000)
 Metaspace       used 27297K, capacity 28600K, committed 28800K, reserved 1075200K
  class space    used 3688K, capacity 3954K, committed 3968K, reserved 1048576K
}
Event: 37291.637 GC heap before
{Heap before GC invocations=471 (full 2):
 PSYoungGen      total 23552K, used 23296K [0x00000000d5900000, 0x00000000d7100000, 0x0000000100000000)
  eden space 23040K, 100% used [0x00000000d5900000,0x00000000d6f80000,0x00000000d6f80000)
  from space 512K, 50% used [0x00000000d7080000,0x00000000d70c0010,0x00000000d7100000)
  to   space 512K, 0% used [0x00000000d7000000,0x00000000d7000000,0x00000000d7080000)
 ParOldGen       total 43520K, used 13401K [0x0000000080a00000, 0x0000000083480000, 0x00000000d5900000)
  object space 43520K, 30% used [0x0000000080a00000,0x0000000081716738,0x0000000083480000)
 Metaspace       used 27298K, capacity 28600K, committed 28800K, reserved 1075200K
  class space    used 3688K, capacity 3954K, committed 3968K, reserved 1048576K
Event: 37291.638 GC heap after
Heap after GC invocations=471 (full 2):
 PSYoungGen      total 23552K, used 224K [0x00000000d5900000, 0x00000000d7100000, 0x0000000100000000)
  eden space 23040K, 0% used [0x00000000d5900000,0x00000000d5900000,0x00000000d6f80000)
  from space 512K, 43% used [0x00000000d7000000,0x00000000d7038010,0x00000000d7080000)
  to   space 512K, 0% used [0x00000000d7080000,0x00000000d7080000,0x00000000d7100000)
 ParOldGen       total 43520K, used 13409K [0x0000000080a00000, 0x0000000083480000, 0x00000000d5900000)
  object space 43520K, 30% used [0x0000000080a00000,0x0000000081718738,0x0000000083480000)
 Metaspace       used 27298K, capacity 28600K, committed 28800K, reserved 1075200K
  class space    used 3688K, capacity 3954K, committed 3968K, reserved 1048576K
}

